<?xml version="1.0" encoding="UTF-8"?>
<!-- Generated by org.testng.reporters.JUnitReportReporter -->
<testsuite hostname="LAPTOP-M2OEU0EL" name="com.FloowDrive.AppiumTests" tests="2" failures="0" timestamp="10 Dec 2017 13:19:32 GMT" time="31.119" errors="0">
  <testcase name="verifyTermsAndConditionsButton" time="2.357" classname="com.FloowDrive.AppiumTests"/>
  <testcase name="verifyLoginFunctionalityWithInvalidCredentials" time="28.762" classname="com.FloowDrive.AppiumTests"/>
</testsuite> <!-- com.FloowDrive.AppiumTests -->
